[I 2024-05-15 12:22:44,789] Trial 59 pruned.
Data Loaders created!
Epoch 1, Validation Loss: 0.2846
/n/n==========its because of me!!==========/n/n
[I 2024-05-15 12:22:54,657] Trial 60 pruned.
Data Loaders created!
Epoch 1, Validation Loss: 0.3785
/n/n==========its because of me!!==========/n/n
[I 2024-05-15 12:23:07,127] Trial 61 pruned.
Data Loaders created!
Epoch 1, Validation Loss: 0.2382
Epoch 2, Validation Loss: 0.1917
Epoch 3, Validation Loss: 0.1838
Epoch 4, Validation Loss: 0.1774
Epoch 5, Validation Loss: 0.1714
Epoch 6, Validation Loss: 0.1649
Epoch 7, Validation Loss: 0.1599
Epoch 8, Validation Loss: 0.1534
Epoch 9, Validation Loss: 0.1510
Epoch 10, Validation Loss: 0.1471
[I 2024-05-15 12:24:29,348] Trial 62 finished with value: 0.14706255495548248 and parameters: {'lr': 0.0011097410585206992, 'batch_size': 64, 'num_layers': 1, 'num_heads': 2, 'dim_feedforward': 32, 'dropout': 0.1}. Best is trial 46 with value: 0.14652901142835617.
Data Loaders created!
Epoch 1, Validation Loss: 0.2366
Epoch 2, Validation Loss: 0.1956
Epoch 3, Validation Loss: 0.1828
Epoch 4, Validation Loss: 0.1792
Epoch 5, Validation Loss: 0.1728
Epoch 6, Validation Loss: 0.1653
Epoch 7, Validation Loss: 0.1599
Epoch 8, Validation Loss: 0.1564
Epoch 9, Validation Loss: 0.1519
Epoch 10, Validation Loss: 0.1481
[I 2024-05-15 12:25:57,146] Trial 63 finished with value: 0.148113451898098 and parameters: {'lr': 0.0007507175906479952, 'batch_size': 64, 'num_layers': 1, 'num_heads': 2, 'dim_feedforward': 32, 'dropout': 0.1}. Best is trial 46 with value: 0.14652901142835617.
Data Loaders created!
Epoch 1, Validation Loss: 0.2671
Epoch 2, Validation Loss: 0.1962
Epoch 3, Validation Loss: 0.1914
/n/n==========its because of me!!==========/n/n
[I 2024-05-15 12:26:25,237] Trial 64 pruned.
Data Loaders created!
Epoch 1, Validation Loss: 0.2597
Epoch 2, Validation Loss: 0.2050
/n/n==========its because of me!!==========/n/n
[I 2024-05-15 12:26:41,711] Trial 65 pruned.
Data Loaders created!
Epoch 1, Validation Loss: 0.2327
Epoch 2, Validation Loss: 0.2002
Epoch 3, Validation Loss: 0.1883
Epoch 4, Validation Loss: 0.1911
/n/n==========its because of me!!==========/n/n
[I 2024-05-15 12:27:20,567] Trial 66 pruned.
Data Loaders created!
Epoch 1, Validation Loss: 0.4620
/n/n==========its because of me!!==========/n/n
[I 2024-05-15 12:27:28,768] Trial 67 pruned.
Data Loaders created!
Epoch 1, Validation Loss: 0.5977
/n/n==========its because of me!!==========/n/n
[I 2024-05-15 12:27:39,136] Trial 68 pruned.
Data Loaders created!
Epoch 1, Validation Loss: 0.4969
/n/n==========its because of me!!==========/n/n
[I 2024-05-15 12:27:55,117] Trial 69 pruned.
Data Loaders created!
Epoch 1, Validation Loss: 0.4872
/n/n==========its because of me!!==========/n/n
[I 2024-05-15 12:28:03,580] Trial 70 pruned.
Data Loaders created!
Epoch 1, Validation Loss: 0.2405
Epoch 2, Validation Loss: 0.2018
/n/n==========its because of me!!==========/n/n
[I 2024-05-15 12:28:20,345] Trial 71 pruned.
Data Loaders created!
Epoch 1, Validation Loss: 0.2863
/n/n==========its because of me!!==========/n/n
[I 2024-05-15 12:28:29,266] Trial 72 pruned.
Data Loaders created!
Epoch 1, Validation Loss: 0.2428
Epoch 2, Validation Loss: 0.1950
Epoch 3, Validation Loss: 0.1862
Epoch 4, Validation Loss: 0.1765
Epoch 5, Validation Loss: 0.1676
Epoch 6, Validation Loss: 0.1628
Epoch 7, Validation Loss: 0.1551
Epoch 8, Validation Loss: 0.1535
Epoch 9, Validation Loss: 0.1490
Epoch 10, Validation Loss: 0.1470
[I 2024-05-15 12:30:07,449] Trial 73 finished with value: 0.14695334434509277 and parameters: {'lr': 0.0013542314281694097, 'batch_size': 64, 'num_layers': 1, 'num_heads': 2, 'dim_feedforward': 32, 'dropout': 0.2}. Best is trial 46 with value: 0.14652901142835617.
Data Loaders created!
Epoch 1, Validation Loss: 0.2660
Epoch 2, Validation Loss: 0.1988
Epoch 3, Validation Loss: 0.1868
Epoch 4, Validation Loss: 0.1835
Epoch 5, Validation Loss: 0.1796
Epoch 6, Validation Loss: 0.1789
/n/n==========its because of me!!==========/n/n
[I 2024-05-15 12:31:11,471] Trial 74 pruned.
Data Loaders created!
Epoch 1, Validation Loss: 0.4397
/n/n==========its because of me!!==========/n/n
[I 2024-05-15 12:31:19,918] Trial 75 pruned.
Data Loaders created!
Epoch 1, Validation Loss: 0.6550
/n/n==========its because of me!!==========/n/n
[I 2024-05-15 12:31:28,599] Trial 76 pruned.
Data Loaders created!
Epoch 1, Validation Loss: 0.5840
/n/n==========its because of me!!==========/n/n
[I 2024-05-15 12:31:41,861] Trial 77 pruned.
Data Loaders created!
Epoch 1, Validation Loss: 0.3668
/n/n==========its because of me!!==========/n/n
[I 2024-05-15 12:31:50,610] Trial 78 pruned.
Data Loaders created!
Epoch 1, Validation Loss: 0.7271
/n/n==========its because of me!!==========/n/n
[I 2024-05-15 12:32:02,774] Trial 79 pruned.
Data Loaders created!
Epoch 1, Validation Loss: 0.7008
/n/n==========its because of me!!==========/n/n
[I 2024-05-15 12:32:13,163] Trial 80 pruned.
Data Loaders created!
Epoch 1, Validation Loss: 0.2402
Epoch 2, Validation Loss: 0.2045
/n/n==========its because of me!!==========/n/n
[I 2024-05-15 12:32:31,695] Trial 81 pruned.
Data Loaders created!
Epoch 1, Validation Loss: 0.2188
Epoch 2, Validation Loss: 0.2003
Epoch 3, Validation Loss: 0.1917
/n/n==========its because of me!!==========/n/n
[I 2024-05-15 12:32:57,913] Trial 82 pruned.
Data Loaders created!
Epoch 1, Validation Loss: 0.2493
Epoch 2, Validation Loss: 0.2021
/n/n==========its because of me!!==========/n/n
[I 2024-05-15 12:33:14,205] Trial 83 pruned.
Data Loaders created!
Epoch 1, Validation Loss: 0.2648
Epoch 2, Validation Loss: 0.2103
/n/n==========its because of me!!==========/n/n
[I 2024-05-15 12:33:30,449] Trial 84 pruned.
Data Loaders created!
Epoch 1, Validation Loss: 0.2132
Epoch 2, Validation Loss: 0.1914
Epoch 3, Validation Loss: 0.1857
Epoch 4, Validation Loss: 0.1834
Epoch 5, Validation Loss: 0.1740
Epoch 6, Validation Loss: 0.1705
Epoch 7, Validation Loss: 0.1634
Epoch 8, Validation Loss: 0.1590
Epoch 9, Validation Loss: 0.1547
Epoch 10, Validation Loss: 0.1511
[I 2024-05-15 12:35:27,879] Trial 85 finished with value: 0.15109776332974434 and parameters: {'lr': 0.00040686929343230723, 'batch_size': 32, 'num_layers': 2, 'num_heads': 2, 'dim_feedforward': 32, 'dropout': 0.2}. Best is trial 46 with value: 0.14652901142835617.
Data Loaders created!
Epoch 1, Validation Loss: 0.6123
/n/n==========its because of me!!==========/n/n
[I 2024-05-15 12:35:38,413] Trial 86 pruned.
Data Loaders created!
Epoch 1, Validation Loss: 0.3518
/n/n==========its because of me!!==========/n/n
[I 2024-05-15 12:35:47,963] Trial 87 pruned.
Data Loaders created!
Epoch 1, Validation Loss: 0.5166
/n/n==========its because of me!!==========/n/n
[I 2024-05-15 12:35:57,588] Trial 88 pruned.
Data Loaders created!
Epoch 1, Validation Loss: 0.3763
/n/n==========its because of me!!==========/n/n
[I 2024-05-15 12:36:05,348] Trial 89 pruned.
Data Loaders created!
Epoch 1, Validation Loss: 0.2435
Epoch 2, Validation Loss: 0.2360
/n/n==========its because of me!!==========/n/n
[I 2024-05-15 12:36:21,321] Trial 90 pruned.
Data Loaders created!
Epoch 1, Validation Loss: 0.2307
Epoch 2, Validation Loss: 0.1919
Epoch 3, Validation Loss: 0.1833
Epoch 4, Validation Loss: 0.1785
Epoch 5, Validation Loss: 0.1733
Epoch 6, Validation Loss: 0.1704
Epoch 7, Validation Loss: 0.1605
Epoch 8, Validation Loss: 0.1540
Epoch 9, Validation Loss: 0.1505
Epoch 10, Validation Loss: 0.1476
[I 2024-05-15 12:37:39,076] Trial 91 finished with value: 0.1475614681839943 and parameters: {'lr': 0.0011382807951121952, 'batch_size': 64, 'num_layers': 1, 'num_heads': 2, 'dim_feedforward': 32, 'dropout': 0.1}. Best is trial 46 with value: 0.14652901142835617.
Data Loaders created!
Epoch 1, Validation Loss: 0.3230
/n/n==========its because of me!!==========/n/n
[I 2024-05-15 12:37:48,198] Trial 92 pruned.
Data Loaders created!
Epoch 1, Validation Loss: 0.2533
Epoch 2, Validation Loss: 0.2087
/n/n==========its because of me!!==========/n/n
[I 2024-05-15 12:38:06,173] Trial 93 pruned.
Data Loaders created!
Epoch 1, Validation Loss: 0.3666
/n/n==========its because of me!!==========/n/n
[I 2024-05-15 12:38:16,649] Trial 94 pruned.
Data Loaders created!
Epoch 1, Validation Loss: 0.4888
/n/n==========its because of me!!==========/n/n
[I 2024-05-15 12:38:42,874] Trial 95 pruned.
Data Loaders created!
Epoch 1, Validation Loss: 0.2454
Epoch 2, Validation Loss: 0.2030
/n/n==========its because of me!!==========/n/n
[I 2024-05-15 12:39:01,024] Trial 96 pruned.
Epoch 1, Validation Loss: 0.6220
/n/n==========its because of me!!==========/n/n
[I 2024-05-15 12:39:18,730] Trial 97 pruned.
Data Loaders created!
Epoch 1, Validation Loss: 0.9617
/n/n==========its because of me!!==========/n/n
[I 2024-05-15 12:39:28,814] Trial 98 pruned.
Data Loaders created!
Epoch 1, Validation Loss: 0.8691
/n/n==========its because of me!!==========/n/n
[I 2024-05-15 12:39:39,126] Trial 99 pruned.
{'lr': 0.0010074747982683552, 'batch_size': 64, 'num_layers': 1, 'num_heads': 2, 'dim_feedforward': 32, 'dropout': 0.2}
